book:高中分級level1.txt pos:1 of 396 09:49:20
no music deeper 09:49:25
book:高中分級level1.txt pos:301 of 396 09:49:39
book:高中分級level2.txt pos:1 of 769 09:49:45
book:高中分級level2.txt pos:301 of 769 09:50:02
book:高中分級level2.txt pos:601 of 769 09:50:19
book:高中分級level3.txt pos:1 of 711 09:50:30
book:高中分級level3.txt pos:301 of 711 09:50:45
book:高中分級level3.txt pos:601 of 711 09:51:01
book:高中分級level4.txt pos:1 of 723 09:51:07
book:高中分級level4.txt pos:301 of 723 09:51:25
book:高中分級level4.txt pos:601 of 723 09:51:54
book:高中分級level5.txt pos:1 of 277 09:52:07
book:高中分級level6.txt pos:1 of 342 09:52:39
book:高中分級level6.txt pos:301 of 342 09:53:11
book:新多益核心單字.txt pos:1 of 1259 09:53:16
no music business person 09:53:33
book:新多益核心單字.txt pos:301 of 1259 09:53:47
no music hardworking 09:54:13
book:新多益核心單字.txt pos:601 of 1259 09:54:18
no music ma'am 09:54:28
no music o'clock 09:54:35
book:新多益核心單字.txt pos:901 of 1259 09:54:50
no music smartphone 09:55:06
no music timeline 09:55:17
book:新多益核心單字.txt pos:1201 of 1259 09:55:23
book:國小基礎單字.txt pos:1 of 1024 09:55:30
no music o'clock 09:55:44
no music noodles 09:55:59
book:國小基礎單字.txt pos:301 of 1024 09:56:06
book:國小基礎單字.txt pos:601 of 1024 09:56:42
no music Chinese New Year 09:56:54
no music Moon Festival 09:56:55
no music jack-o'-lantern 09:56:55
no music lucky money 09:56:56
no music decorations 09:56:56
no music over the moon 09:56:56
no music the emperor's new clothes 09:56:57
no music rice cake 09:56:57
book:國小基礎單字.txt pos:901 of 1024 09:57:18
book:國中基礎單字.txt pos:1 of 1200 09:57:33
book:國中基礎單字.txt pos:301 of 1200 09:58:07
book:國中基礎單字.txt pos:601 of 1200 09:58:42
no music o'clock 09:58:43
book:國中基礎單字.txt pos:901 of 1200 09:59:19
no music stairs 09:59:20
no music socks 09:59:32
book:國中進階單字.txt pos:1 of 787 09:59:57
no music airlines 09:59:59
no music earrings 10:00:23
no music flat tire 10:00:28
book:國中進階單字.txt pos:301 of 787 10:00:30
no music ma'am 10:00:43
no music men's room 10:00:46
book:國中進階單字.txt pos:601 of 787 10:01:05
no music slippers 10:01:10
no music sneakers 10:01:11
no music women's room 10:01:27
book:學測高頻單字.txt pos:1 of 2000 10:01:28
book:學測高頻單字.txt pos:301 of 2000 10:01:59
no music struggling 10:02:08
book:學測高頻單字.txt pos:601 of 2000 10:02:30
book:學測高頻單字.txt pos:901 of 2000 10:03:02
book:學測高頻單字.txt pos:1201 of 2000 10:03:34
book:學測高頻單字.txt pos:1501 of 2000 10:04:08
no music confer 10:04:16
book:學測高頻單字.txt pos:1801 of 2000 10:04:40
book:托福單字精選.txt pos:1 of 2908 10:05:03
no music afflicting 10:05:14
book:托福單字精選.txt pos:301 of 2908 10:05:35
book:托福單字精選.txt pos:601 of 2908 10:06:08
no music confer 10:06:08
book:托福單字精選.txt pos:901 of 2908 10:06:40
book:托福單字精選.txt pos:1201 of 2908 10:07:12
book:托福單字精選.txt pos:1501 of 2908 10:07:46
no music licenced 10:08:18
book:托福單字精選.txt pos:1801 of 2908 10:08:19
book:托福單字精選.txt pos:2101 of 2908 10:08:52
book:托福單字精選.txt pos:2401 of 2908 10:09:27
book:托福單字精選.txt pos:2701 of 2908 10:10:03
no music tilted 10:10:04
book:雅思單字精選.txt pos:1 of 4547 10:10:28
no music archives 10:10:52
book:雅思單字精選.txt pos:301 of 4547 10:10:59
book:雅思單字精選.txt pos:601 of 4547 10:11:33
no music confer 10:11:59
book:雅思單字精選.txt pos:901 of 4547 10:12:05
book:雅思單字精選.txt pos:1201 of 4547 10:12:38
book:雅思單字精選.txt pos:1501 of 4547 10:13:10
book:雅思單字精選.txt pos:1801 of 4547 10:13:44
no music handcuffs 10:13:59
book:雅思單字精選.txt pos:2101 of 4547 10:14:18
book:雅思單字精選.txt pos:2401 of 4547 10:14:50
book:雅思單字精選.txt pos:2701 of 4547 10:15:24
book:雅思單字精選.txt pos:3001 of 4547 10:15:58
book:雅思單字精選.txt pos:3301 of 4547 10:16:32
book:雅思單字精選.txt pos:3601 of 4547 10:17:07
book:雅思單字精選.txt pos:3901 of 4547 10:17:45
no music throbbing 10:18:15
book:雅思單字精選.txt pos:4201 of 4547 10:18:20
book:雅思單字精選.txt pos:4501 of 4547 10:18:56
book:全民英檢初級.txt pos:1 of 2190 10:19:02
book:全民英檢初級.txt pos:301 of 2190 10:19:35
book:全民英檢初級.txt pos:601 of 2190 10:20:10
book:全民英檢初級.txt pos:901 of 2190 10:20:45
no music ma'am 10:21:11
book:全民英檢初級.txt pos:1201 of 2190 10:21:20
no music Mother's Day 10:21:22
no music New Year's Day 10:21:28
no music New Year's Eve 10:21:28
no music o'clock 10:21:32
book:全民英檢初級.txt pos:1501 of 2190 10:21:56
no music Republic of China 10:22:05
no music slippers 10:22:27
no music sneakers 10:22:28
no music socks 10:22:29
book:全民英檢初級.txt pos:1801 of 2190 10:22:35
no music stairs 10:22:35
no music Teacher's Day 10:22:47
no music Valentine's Day 10:23:07
book:全民英檢初級.txt pos:2101 of 2190 10:23:12
book:全民英檢中高級.txt pos:1 of 3225 10:23:24
no music basics 10:23:50
book:全民英檢中高級.txt pos:301 of 3225 10:23:56
no music confer 10:24:26
book:全民英檢中高級.txt pos:601 of 3225 10:24:28
no music counseling 10:24:36
book:全民英檢中高級.txt pos:901 of 3225 10:25:00
no music fumes 10:25:31
book:全民英檢中高級.txt pos:1201 of 3225 10:25:33
book:全民英檢中高級.txt pos:1501 of 3225 10:26:06
no music locked 10:26:19
no music long time ago 10:26:20
book:全民英檢中高級.txt pos:1801 of 3225 10:26:40
book:全民英檢中高級.txt pos:2101 of 3225 10:27:14
no music quarter finals 10:27:26
book:全民英檢中高級.txt pos:2401 of 3225 10:27:49
book:全民英檢中高級.txt pos:2701 of 3225 10:28:24
book:全民英檢中高級.txt pos:3001 of 3225 10:28:59
book:全民英檢中級.txt pos:1 of 2670 10:29:25
book:全民英檢中級.txt pos:301 of 2670 10:29:56
book:全民英檢中級.txt pos:601 of 2670 10:30:29
book:全民英檢中級.txt pos:901 of 2670 10:31:01
no music grown-up 10:31:22
no music headphones 10:31:26
book:全民英檢中級.txt pos:1201 of 2670 10:31:33
no music made man 10:32:04
book:全民英檢中級.txt pos:1501 of 2670 10:32:06
no music non-stop 10:32:19
no music over weight 10:32:27
book:全民英檢中級.txt pos:1801 of 2670 10:32:39
book:全民英檢中級.txt pos:2101 of 2670 10:33:13
no music seagull 10:33:17
book:全民英檢中級.txt pos:2401 of 2670 10:33:48
